<?xml version="1.0" encoding="UTF-8"?>
<testsuite xmlns:xsi="http://www.w3.org/2001/XMLSchema-instance" xsi:noNamespaceSchemaLocation="https://maven.apache.org/surefire/maven-surefire-plugin/xsd/surefire-test-report.xsd" name="wasmati.GetBufferLocationMapTest" time="7.618" tests="2" errors="0" skipped="0" failures="0">
  <properties>
    <property name="sun.desktop" value="gnome"/>
    <property name="awt.toolkit" value="sun.awt.X11.XToolkit"/>
    <property name="java.specification.version" value="11"/>
    <property name="sun.cpu.isalist" value=""/>
    <property name="sun.jnu.encoding" value="UTF-8"/>
    <property name="java.class.path" value="/home/tiago/Documents/IST/phd/phd-research/wasmati/neo4j-custom-docker/custom-plugin/neo4j-procedure-template/target/test-classes:/home/tiago/Documents/IST/phd/phd-research/wasmati/neo4j-custom-docker/custom-plugin/neo4j-procedure-template/target/classes:/home/tiago/.m2/repository/org/neo4j/neo4j/4.2.1/neo4j-4.2.1.jar:/home/tiago/.m2/repository/org/neo4j/annotations/4.2.1/annotations-4.2.1.jar:/home/tiago/.m2/repository/org/eclipse/collections/eclipse-collections/10.3.0/eclipse-collections-10.3.0.jar:/home/tiago/.m2/repository/org/eclipse/collections/eclipse-collections-api/10.3.0/eclipse-collections-api-10.3.0.jar:/home/tiago/.m2/repository/org/apache/commons/commons-lang3/3.11/commons-lang3-3.11.jar:/home/tiago/.m2/repository/org/neo4j/neo4j-kernel/4.2.1/neo4j-kernel-4.2.1.jar:/home/tiago/.m2/repository/org/neo4j/neo4j-native/4.2.1/neo4j-native-4.2.1.jar:/home/tiago/.m2/repository/net/java/dev/jna/jna/5.6.0/jna-5.6.0.jar:/home/tiago/.m2/repository/org/neo4j/neo4j-graphdb-api/4.2.1/neo4j-graphdb-api-4.2.1.jar:/home/tiago/.m2/repository/org/neo4j/neo4j-storage-engine-api/4.2.1/neo4j-storage-engine-api-4.2.1.jar:/home/tiago/.m2/repository/org/neo4j/neo4j-lock/4.2.1/neo4j-lock-4.2.1.jar:/home/tiago/.m2/repository/org/neo4j/neo4j-diagnostics/4.2.1/neo4j-diagnostics-4.2.1.jar:/home/tiago/.m2/repository/org/neo4j/neo4j-token-api/4.2.1/neo4j-token-api-4.2.1.jar:/home/tiago/.m2/repository/org/neo4j/neo4j-schema/4.2.1/neo4j-schema-4.2.1.jar:/home/tiago/.m2/repository/org/neo4j/neo4j-monitoring/4.2.1/neo4j-monitoring-4.2.1.jar:/home/tiago/.m2/repository/org/neo4j/neo4j-kernel-api/4.2.1/neo4j-kernel-api-4.2.1.jar:/home/tiago/.m2/repository/org/neo4j/neo4j-common/4.2.1/neo4j-common-4.2.1.jar:/home/tiago/.m2/repository/org/neo4j/neo4j-values/4.2.1/neo4j-values-4.2.1.jar:/home/tiago/.m2/repository/org/neo4j/neo4j-unsafe/4.2.1/neo4j-unsafe-4.2.1.jar:/home/tiago/.m2/repository/org/neo4j/neo4j-collections/4.2.1/neo4j-collections-4.2.1.jar:/home/tiago/.m2/repository/org/neo4j/neo4j-io/4.2.1/neo4j-io-4.2.1.jar:/home/tiago/.m2/repository/org/neo4j/neo4j-concurrent/4.2.1/neo4j-concurrent-4.2.1.jar:/home/tiago/.m2/repository/org/neo4j/neo4j-logging/4.2.1/neo4j-logging-4.2.1.jar:/home/tiago/.m2/repository/org/codehaus/jettison/jettison/1.4.1/jettison-1.4.1.jar:/home/tiago/.m2/repository/org/neo4j/neo4j-configuration/4.2.1/neo4j-configuration-4.2.1.jar:/home/tiago/.m2/repository/org/apache/commons/commons-exec/1.3/commons-exec-1.3.jar:/home/tiago/.m2/repository/org/neo4j/neo4j-layout/4.2.1/neo4j-layout-4.2.1.jar:/home/tiago/.m2/repository/org/neo4j/neo4j-index/4.2.1/neo4j-index-4.2.1.jar:/home/tiago/.m2/repository/org/neo4j/neo4j-spatial-index/4.2.1/neo4j-spatial-index-4.2.1.jar:/home/tiago/.m2/repository/org/neo4j/neo4j-id-generator/4.2.1/neo4j-id-generator-4.2.1.jar:/home/tiago/.m2/repository/org/neo4j/neo4j-label-index/4.2.1/neo4j-label-index-4.2.1.jar:/home/tiago/.m2/repository/org/neo4j/neo4j-wal/4.2.1/neo4j-wal-4.2.1.jar:/home/tiago/.m2/repository/org/jctools/jctools-core/3.1.0/jctools-core-3.1.0.jar:/home/tiago/.m2/repository/commons-io/commons-io/2.7/commons-io-2.7.jar:/home/tiago/.m2/repository/org/neo4j/neo4j-fabric/4.2.1/neo4j-fabric-4.2.1.jar:/home/tiago/.m2/repository/io/projectreactor/reactor-core/3.3.9.RELEASE/reactor-core-3.3.9.RELEASE.jar:/home/tiago/.m2/repository/org/neo4j/neo4j-front-end/4.2.1/neo4j-front-end-4.2.1.jar:/home/tiago/.m2/repository/org/neo4j/neo4j-expressions/4.2.1/neo4j-expressions-4.2.1.jar:/home/tiago/.m2/repository/org/neo4j/neo4j-cypher-macros/4.2.1/neo4j-cypher-macros-4.2.1.jar:/home/tiago/.m2/repository/org/scala-lang/scala-reflect/2.12.10/scala-reflect-2.12.10.jar:/home/tiago/.m2/repository/org/neo4j/neo4j-procedure/4.2.1/neo4j-procedure-4.2.1.jar:/home/tiago/.m2/repository/org/neo4j/neo4j-procedure-api/4.2.1/neo4j-procedure-api-4.2.1.jar:/home/tiago/.m2/repository/org/neo4j/neo4j-codegen/4.2.1/neo4j-codegen-4.2.1.jar:/home/tiago/.m2/repository/org/ow2/asm/asm-util/8.0.1/asm-util-8.0.1.jar:/home/tiago/.m2/repository/org/ow2/asm/asm-analysis/8.0.1/asm-analysis-8.0.1.jar:/home/tiago/.m2/repository/org/ow2/asm/asm-tree/8.0.1/asm-tree-8.0.1.jar:/home/tiago/.m2/repository/org/neo4j/neo4j-cypher-expression-evaluator/4.2.1/neo4j-cypher-expression-evaluator-4.2.1.jar:/home/tiago/.m2/repository/org/neo4j/neo4j-ast/4.2.1/neo4j-ast-4.2.1.jar:/home/tiago/.m2/repository/org/neo4j/neo4j-lucene-index/4.2.1/neo4j-lucene-index-4.2.1.jar:/home/tiago/.m2/repository/org/neo4j/neo4j-resource/4.2.1/neo4j-resource-4.2.1.jar:/home/tiago/.m2/repository/org/apache/lucene/lucene-analyzers-common/8.5.1/lucene-analyzers-common-8.5.1.jar:/home/tiago/.m2/repository/org/apache/lucene/lucene-core/8.5.1/lucene-core-8.5.1.jar:/home/tiago/.m2/repository/org/apache/lucene/lucene-queryparser/8.5.1/lucene-queryparser-8.5.1.jar:/home/tiago/.m2/repository/org/apache/lucene/lucene-backward-codecs/8.5.1/lucene-backward-codecs-8.5.1.jar:/home/tiago/.m2/repository/org/neo4j/neo4j-fulltext-index/4.2.1/neo4j-fulltext-index-4.2.1.jar:/home/tiago/.m2/repository/org/neo4j/neo4j-graph-algo/4.2.1/neo4j-graph-algo-4.2.1.jar:/home/tiago/.m2/repository/org/neo4j/neo4j-cypher-runtime-util/4.2.1/neo4j-cypher-runtime-util-4.2.1.jar:/home/tiago/.m2/repository/org/neo4j/neo4j-cypher-logical-plans/4.2.1/neo4j-cypher-logical-plans-4.2.1.jar:/home/tiago/.m2/repository/com/github/jbellis/jamm/0.3.3/jamm-0.3.3.jar:/home/tiago/.m2/repository/org/neo4j/neo4j-data-collector/4.2.1/neo4j-data-collector-4.2.1.jar:/home/tiago/.m2/repository/org/neo4j/neo4j-parser/4.2.1/neo4j-parser-4.2.1.jar:/home/tiago/.m2/repository/org/neo4j/neo4j-rewriting/4.2.1/neo4j-rewriting-4.2.1.jar:/home/tiago/.m2/repository/org/neo4j/neo4j-cypher/4.2.1/neo4j-cypher-4.2.1.jar:/home/tiago/.m2/repository/org/scala-lang/scala-library/2.12.10/scala-library-2.12.10.jar:/home/tiago/.m2/repository/org/neo4j/neo4j-exceptions/4.2.1/neo4j-exceptions-4.2.1.jar:/home/tiago/.m2/repository/org/neo4j/neo4j-util/4.2.1/neo4j-util-4.2.1.jar:/home/tiago/.m2/repository/org/neo4j/neo4j-cypher-planner/4.2.1/neo4j-cypher-planner-4.2.1.jar:/home/tiago/.m2/repository/org/neo4j/neo4j-cypher-ir/4.2.1/neo4j-cypher-ir-4.2.1.jar:/home/tiago/.m2/repository/org/neo4j/neo4j-cypher-javacc-parser/4.2.1/neo4j-cypher-javacc-parser-4.2.1.jar:/home/tiago/.m2/repository/org/neo4j/cypher-ast-factory/4.2.1/cypher-ast-factory-4.2.1.jar:/home/tiago/.m2/repository/org/neo4j/neo4j-cypher-ast-factory/4.2.1/neo4j-cypher-ast-factory-4.2.1.jar:/home/tiago/.m2/repository/com/github/ben-manes/caffeine/caffeine/2.8.5/caffeine-2.8.5.jar:/home/tiago/.m2/repository/org/neo4j/neo4j-cypher-planner-spi/4.2.1/neo4j-cypher-planner-spi-4.2.1.jar:/home/tiago/.m2/repository/org/neo4j/neo4j-cypher-interpreted-runtime/4.2.1/neo4j-cypher-interpreted-runtime-4.2.1.jar:/home/tiago/.m2/repository/org/neo4j/neo4j-csv/4.2.1/neo4j-csv-4.2.1.jar:/home/tiago/.m2/repository/org/parboiled/parboiled-scala_2.12/1.2.0/parboiled-scala_2.12-1.2.0.jar:/home/tiago/.m2/repository/org/parboiled/parboiled-core/1.2.0/parboiled-core-1.2.0.jar:/home/tiago/.m2/repository/org/apache/shiro/shiro-core/1.7.0/shiro-core-1.7.0.jar:/home/tiago/.m2/repository/org/apache/shiro/shiro-lang/1.7.0/shiro-lang-1.7.0.jar:/home/tiago/.m2/repository/org/apache/shiro/shiro-cache/1.7.0/shiro-cache-1.7.0.jar:/home/tiago/.m2/repository/org/apache/shiro/shiro-crypto-hash/1.7.0/shiro-crypto-hash-1.7.0.jar:/home/tiago/.m2/repository/org/apache/shiro/shiro-crypto-core/1.7.0/shiro-crypto-core-1.7.0.jar:/home/tiago/.m2/repository/org/apache/shiro/shiro-crypto-cipher/1.7.0/shiro-crypto-cipher-1.7.0.jar:/home/tiago/.m2/repository/org/apache/shiro/shiro-config-core/1.7.0/shiro-config-core-1.7.0.jar:/home/tiago/.m2/repository/org/apache/shiro/shiro-config-ogdl/1.7.0/shiro-config-ogdl-1.7.0.jar:/home/tiago/.m2/repository/commons-beanutils/commons-beanutils/1.9.4/commons-beanutils-1.9.4.jar:/home/tiago/.m2/repository/commons-collections/commons-collections/3.2.2/commons-collections-3.2.2.jar:/home/tiago/.m2/repository/org/apache/shiro/shiro-event/1.7.0/shiro-event-1.7.0.jar:/home/tiago/.m2/repository/org/neo4j/neo4j-security/4.2.1/neo4j-security-4.2.1.jar:/home/tiago/.m2/repository/org/neo4j/neo4j-command-line/4.2.1/neo4j-command-line-4.2.1.jar:/home/tiago/.m2/repository/info/picocli/picocli/4.5.0/picocli-4.5.0.jar:/home/tiago/.m2/repository/org/neo4j/neo4j-bolt/4.2.1/neo4j-bolt-4.2.1.jar:/home/tiago/.m2/repository/org/neo4j/neo4j-ssl/4.2.1/neo4j-ssl-4.2.1.jar:/home/tiago/.m2/repository/io/netty/netty-all/4.1.53.Final/netty-all-4.1.53.Final.jar:/home/tiago/.m2/repository/org/bouncycastle/bcpkix-jdk15on/1.66/bcpkix-jdk15on-1.66.jar:/home/tiago/.m2/repository/org/neo4j/neo4j-consistency-check/4.2.1/neo4j-consistency-check-4.2.1.jar:/home/tiago/.m2/repository/org/neo4j/neo4j-record-storage-engine/4.2.1/neo4j-record-storage-engine-4.2.1.jar:/home/tiago/.m2/repository/org/neo4j/neo4j-import-util/4.2.1/neo4j-import-util-4.2.1.jar:/home/tiago/.m2/repository/org/neo4j/neo4j-dbms/4.2.1/neo4j-dbms-4.2.1.jar:/home/tiago/.m2/repository/org/jprocesses/jProcesses/1.6.5/jProcesses-1.6.5.jar:/home/tiago/.m2/repository/com/profesorfalken/WMI4Java/1.6.3/WMI4Java-1.6.3.jar:/home/tiago/.m2/repository/com/profesorfalken/jPowerShell/3.0/jPowerShell-3.0.jar:/home/tiago/.m2/repository/org/apache/commons/commons-compress/1.20/commons-compress-1.20.jar:/home/tiago/.m2/repository/org/apache/commons/commons-text/1.9/commons-text-1.9.jar:/home/tiago/.m2/repository/org/neo4j/licensing-proxy/zstd-proxy/4.2.1/zstd-proxy-4.2.1.jar:/home/tiago/.m2/repository/com/github/luben/zstd-jni/1.4.5-6/zstd-jni-1.4.5-6.jar:/home/tiago/.m2/repository/org/neo4j/neo4j-import-tool/4.2.1/neo4j-import-tool-4.2.1.jar:/home/tiago/.m2/repository/org/neo4j/neo4j-batch-insert/4.2.1/neo4j-batch-insert-4.2.1.jar:/home/tiago/.m2/repository/org/neo4j/app/neo4j-server/4.2.1/neo4j-server-4.2.1.jar:/home/tiago/.m2/repository/org/neo4j/server-api/4.2.1/server-api-4.2.1.jar:/home/tiago/.m2/repository/javax/ws/rs/javax.ws.rs-api/2.1.1/javax.ws.rs-api-2.1.1.jar:/home/tiago/.m2/repository/org/eclipse/jetty/jetty-server/9.4.34.v20201102/jetty-server-9.4.34.v20201102.jar:/home/tiago/.m2/repository/javax/servlet/javax.servlet-api/3.1.0/javax.servlet-api-3.1.0.jar:/home/tiago/.m2/repository/org/eclipse/jetty/jetty-http/9.4.34.v20201102/jetty-http-9.4.34.v20201102.jar:/home/tiago/.m2/repository/org/eclipse/jetty/jetty-util/9.4.34.v20201102/jetty-util-9.4.34.v20201102.jar:/home/tiago/.m2/repository/org/eclipse/jetty/jetty-io/9.4.34.v20201102/jetty-io-9.4.34.v20201102.jar:/home/tiago/.m2/repository/org/eclipse/jetty/jetty-webapp/9.4.34.v20201102/jetty-webapp-9.4.34.v20201102.jar:/home/tiago/.m2/repository/org/eclipse/jetty/jetty-xml/9.4.34.v20201102/jetty-xml-9.4.34.v20201102.jar:/home/tiago/.m2/repository/org/eclipse/jetty/jetty-servlet/9.4.34.v20201102/jetty-servlet-9.4.34.v20201102.jar:/home/tiago/.m2/repository/org/eclipse/jetty/jetty-security/9.4.34.v20201102/jetty-security-9.4.34.v20201102.jar:/home/tiago/.m2/repository/org/glassfish/jersey/core/jersey-server/2.32/jersey-server-2.32.jar:/home/tiago/.m2/repository/org/glassfish/jersey/core/jersey-common/2.32/jersey-common-2.32.jar:/home/tiago/.m2/repository/org/glassfish/hk2/osgi-resource-locator/1.0.3/osgi-resource-locator-1.0.3.jar:/home/tiago/.m2/repository/com/sun/activation/jakarta.activation/1.2.2/jakarta.activation-1.2.2.jar:/home/tiago/.m2/repository/org/glassfish/jersey/core/jersey-client/2.32/jersey-client-2.32.jar:/home/tiago/.m2/repository/jakarta/ws/rs/jakarta.ws.rs-api/2.1.6/jakarta.ws.rs-api-2.1.6.jar:/home/tiago/.m2/repository/org/glassfish/jersey/media/jersey-media-jaxb/2.32/jersey-media-jaxb-2.32.jar:/home/tiago/.m2/repository/jakarta/annotation/jakarta.annotation-api/1.3.5/jakarta.annotation-api-1.3.5.jar:/home/tiago/.m2/repository/org/glassfish/hk2/external/jakarta.inject/2.6.1/jakarta.inject-2.6.1.jar:/home/tiago/.m2/repository/jakarta/validation/jakarta.validation-api/2.0.2/jakarta.validation-api-2.0.2.jar:/home/tiago/.m2/repository/jakarta/xml/bind/jakarta.xml.bind-api/2.3.3/jakarta.xml.bind-api-2.3.3.jar:/home/tiago/.m2/repository/org/glassfish/jersey/inject/jersey-hk2/2.32/jersey-hk2-2.32.jar:/home/tiago/.m2/repository/org/glassfish/hk2/hk2-locator/2.6.1/hk2-locator-2.6.1.jar:/home/tiago/.m2/repository/org/glassfish/hk2/hk2-api/2.6.1/hk2-api-2.6.1.jar:/home/tiago/.m2/repository/org/glassfish/hk2/hk2-utils/2.6.1/hk2-utils-2.6.1.jar:/home/tiago/.m2/repository/org/javassist/javassist/3.25.0-GA/javassist-3.25.0-GA.jar:/home/tiago/.m2/repository/org/glassfish/jersey/containers/jersey-container-servlet/2.32/jersey-container-servlet-2.32.jar:/home/tiago/.m2/repository/org/glassfish/jersey/containers/jersey-container-servlet-core/2.32/jersey-container-servlet-core-2.32.jar:/home/tiago/.m2/repository/com/fasterxml/jackson/core/jackson-core/2.11.3/jackson-core-2.11.3.jar:/home/tiago/.m2/repository/com/fasterxml/jackson/jaxrs/jackson-jaxrs-json-provider/2.11.3/jackson-jaxrs-json-provider-2.11.3.jar:/home/tiago/.m2/repository/com/fasterxml/jackson/jaxrs/jackson-jaxrs-base/2.11.3/jackson-jaxrs-base-2.11.3.jar:/home/tiago/.m2/repository/com/fasterxml/jackson/module/jackson-module-jaxb-annotations/2.11.3/jackson-module-jaxb-annotations-2.11.3.jar:/home/tiago/.m2/repository/com/fasterxml/jackson/core/jackson-databind/2.11.3/jackson-databind-2.11.3.jar:/home/tiago/.m2/repository/com/fasterxml/jackson/core/jackson-annotations/2.11.3/jackson-annotations-2.11.3.jar:/home/tiago/.m2/repository/org/bouncycastle/bcprov-jdk15on/1.66/bcprov-jdk15on-1.66.jar:/home/tiago/.m2/repository/javax/activation/activation/1.1.1/activation-1.1.1.jar:/home/tiago/.m2/repository/org/glassfish/jaxb/jaxb-runtime/2.3.2/jaxb-runtime-2.3.2.jar:/home/tiago/.m2/repository/org/glassfish/jaxb/txw2/2.3.2/txw2-2.3.2.jar:/home/tiago/.m2/repository/com/sun/istack/istack-commons-runtime/3.0.8/istack-commons-runtime-3.0.8.jar:/home/tiago/.m2/repository/org/jvnet/staxex/stax-ex/1.8.1/stax-ex-1.8.1.jar:/home/tiago/.m2/repository/com/sun/xml/fastinfoset/FastInfoset/1.2.16/FastInfoset-1.2.16.jar:/home/tiago/.m2/repository/jakarta/activation/jakarta.activation-api/1.2.1/jakarta.activation-api-1.2.1.jar:/home/tiago/.m2/repository/javax/xml/bind/jaxb-api/2.3.0/jaxb-api-2.3.0.jar:/home/tiago/.m2/repository/org/neo4j/test/neo4j-harness/4.2.1/neo4j-harness-4.2.1.jar:/home/tiago/.m2/repository/org/slf4j/slf4j-nop/1.7.30/slf4j-nop-1.7.30.jar:/home/tiago/.m2/repository/org/slf4j/slf4j-api/1.7.30/slf4j-api-1.7.30.jar:/home/tiago/.m2/repository/org/neo4j/test-utils/4.2.1/test-utils-4.2.1.jar:/home/tiago/.m2/repository/org/ow2/asm/asm/8.0.1/asm-8.0.1.jar:/home/tiago/.m2/repository/org/junit/vintage/junit-vintage-engine/5.6.2/junit-vintage-engine-5.6.2.jar:/home/tiago/.m2/repository/junit/junit/4.13/junit-4.13.jar:/home/tiago/.m2/repository/org/junit/jupiter/junit-jupiter/5.6.2/junit-jupiter-5.6.2.jar:/home/tiago/.m2/repository/org/junit/jupiter/junit-jupiter-params/5.6.2/junit-jupiter-params-5.6.2.jar:/home/tiago/.m2/repository/org/mockito/mockito-core/3.5.13/mockito-core-3.5.13.jar:/home/tiago/.m2/repository/net/bytebuddy/byte-buddy/1.10.15/byte-buddy-1.10.15.jar:/home/tiago/.m2/repository/net/bytebuddy/byte-buddy-agent/1.10.15/byte-buddy-agent-1.10.15.jar:/home/tiago/.m2/repository/org/objenesis/objenesis/3.1/objenesis-3.1.jar:/home/tiago/.m2/repository/org/awaitility/awaitility/4.0.3/awaitility-4.0.3.jar:/home/tiago/.m2/repository/org/neo4j/io-test-utils/4.2.1/io-test-utils-4.2.1.jar:/home/tiago/.m2/repository/org/junit/platform/junit-platform-launcher/1.6.2/junit-platform-launcher-1.6.2.jar:/home/tiago/.m2/repository/commons-logging/commons-logging/1.2/commons-logging-1.2.jar:/home/tiago/.m2/repository/org/neo4j/app/neo4j-server/4.2.1/neo4j-server-4.2.1-tests.jar:/home/tiago/.m2/repository/commons-codec/commons-codec/1.14/commons-codec-1.14.jar:/home/tiago/.m2/repository/org/neo4j/driver/neo4j-java-driver/4.2.0/neo4j-java-driver-4.2.0.jar:/home/tiago/.m2/repository/org/reactivestreams/reactive-streams/1.0.3/reactive-streams-1.0.3.jar:/home/tiago/.m2/repository/org/junit/jupiter/junit-jupiter-engine/5.7.0/junit-jupiter-engine-5.7.0.jar:/home/tiago/.m2/repository/org/apiguardian/apiguardian-api/1.1.0/apiguardian-api-1.1.0.jar:/home/tiago/.m2/repository/org/junit/platform/junit-platform-engine/1.7.0/junit-platform-engine-1.7.0.jar:/home/tiago/.m2/repository/org/opentest4j/opentest4j/1.2.0/opentest4j-1.2.0.jar:/home/tiago/.m2/repository/org/junit/platform/junit-platform-commons/1.7.0/junit-platform-commons-1.7.0.jar:/home/tiago/.m2/repository/org/junit/jupiter/junit-jupiter-api/5.7.0/junit-jupiter-api-5.7.0.jar:/home/tiago/.m2/repository/org/assertj/assertj-core/3.13.2/assertj-core-3.13.2.jar:"/>
    <property name="java.vm.vendor" value="Ubuntu"/>
    <property name="sun.arch.data.model" value="64"/>
    <property name="java.vendor.url" value="https://ubuntu.com/"/>
    <property name="user.timezone" value=""/>
    <property name="user.country.format" value="PT"/>
    <property name="java.vm.specification.version" value="11"/>
    <property name="os.name" value="Linux"/>
    <property name="sun.java.launcher" value="SUN_STANDARD"/>
    <property name="user.country" value="US"/>
    <property name="sun.boot.library.path" value="/usr/lib/jvm/java-11-openjdk-amd64/lib"/>
    <property name="sun.java.command" value="/home/tiago/Documents/IST/phd/phd-research/wasmati/neo4j-custom-docker/custom-plugin/neo4j-procedure-template/target/surefire/surefirebooter17721055915277213349.jar /home/tiago/Documents/IST/phd/phd-research/wasmati/neo4j-custom-docker/custom-plugin/neo4j-procedure-template/target/surefire 2021-01-29T16-45-31_408-jvmRun1 surefire13911005539349256063tmp surefire_017530121138281988580tmp"/>
    <property name="jdk.debug" value="release"/>
    <property name="surefire.test.class.path" value="/home/tiago/Documents/IST/phd/phd-research/wasmati/neo4j-custom-docker/custom-plugin/neo4j-procedure-template/target/test-classes:/home/tiago/Documents/IST/phd/phd-research/wasmati/neo4j-custom-docker/custom-plugin/neo4j-procedure-template/target/classes:/home/tiago/.m2/repository/org/neo4j/neo4j/4.2.1/neo4j-4.2.1.jar:/home/tiago/.m2/repository/org/neo4j/annotations/4.2.1/annotations-4.2.1.jar:/home/tiago/.m2/repository/org/eclipse/collections/eclipse-collections/10.3.0/eclipse-collections-10.3.0.jar:/home/tiago/.m2/repository/org/eclipse/collections/eclipse-collections-api/10.3.0/eclipse-collections-api-10.3.0.jar:/home/tiago/.m2/repository/org/apache/commons/commons-lang3/3.11/commons-lang3-3.11.jar:/home/tiago/.m2/repository/org/neo4j/neo4j-kernel/4.2.1/neo4j-kernel-4.2.1.jar:/home/tiago/.m2/repository/org/neo4j/neo4j-native/4.2.1/neo4j-native-4.2.1.jar:/home/tiago/.m2/repository/net/java/dev/jna/jna/5.6.0/jna-5.6.0.jar:/home/tiago/.m2/repository/org/neo4j/neo4j-graphdb-api/4.2.1/neo4j-graphdb-api-4.2.1.jar:/home/tiago/.m2/repository/org/neo4j/neo4j-storage-engine-api/4.2.1/neo4j-storage-engine-api-4.2.1.jar:/home/tiago/.m2/repository/org/neo4j/neo4j-lock/4.2.1/neo4j-lock-4.2.1.jar:/home/tiago/.m2/repository/org/neo4j/neo4j-diagnostics/4.2.1/neo4j-diagnostics-4.2.1.jar:/home/tiago/.m2/repository/org/neo4j/neo4j-token-api/4.2.1/neo4j-token-api-4.2.1.jar:/home/tiago/.m2/repository/org/neo4j/neo4j-schema/4.2.1/neo4j-schema-4.2.1.jar:/home/tiago/.m2/repository/org/neo4j/neo4j-monitoring/4.2.1/neo4j-monitoring-4.2.1.jar:/home/tiago/.m2/repository/org/neo4j/neo4j-kernel-api/4.2.1/neo4j-kernel-api-4.2.1.jar:/home/tiago/.m2/repository/org/neo4j/neo4j-common/4.2.1/neo4j-common-4.2.1.jar:/home/tiago/.m2/repository/org/neo4j/neo4j-values/4.2.1/neo4j-values-4.2.1.jar:/home/tiago/.m2/repository/org/neo4j/neo4j-unsafe/4.2.1/neo4j-unsafe-4.2.1.jar:/home/tiago/.m2/repository/org/neo4j/neo4j-collections/4.2.1/neo4j-collections-4.2.1.jar:/home/tiago/.m2/repository/org/neo4j/neo4j-io/4.2.1/neo4j-io-4.2.1.jar:/home/tiago/.m2/repository/org/neo4j/neo4j-concurrent/4.2.1/neo4j-concurrent-4.2.1.jar:/home/tiago/.m2/repository/org/neo4j/neo4j-logging/4.2.1/neo4j-logging-4.2.1.jar:/home/tiago/.m2/repository/org/codehaus/jettison/jettison/1.4.1/jettison-1.4.1.jar:/home/tiago/.m2/repository/org/neo4j/neo4j-configuration/4.2.1/neo4j-configuration-4.2.1.jar:/home/tiago/.m2/repository/org/apache/commons/commons-exec/1.3/commons-exec-1.3.jar:/home/tiago/.m2/repository/org/neo4j/neo4j-layout/4.2.1/neo4j-layout-4.2.1.jar:/home/tiago/.m2/repository/org/neo4j/neo4j-index/4.2.1/neo4j-index-4.2.1.jar:/home/tiago/.m2/repository/org/neo4j/neo4j-spatial-index/4.2.1/neo4j-spatial-index-4.2.1.jar:/home/tiago/.m2/repository/org/neo4j/neo4j-id-generator/4.2.1/neo4j-id-generator-4.2.1.jar:/home/tiago/.m2/repository/org/neo4j/neo4j-label-index/4.2.1/neo4j-label-index-4.2.1.jar:/home/tiago/.m2/repository/org/neo4j/neo4j-wal/4.2.1/neo4j-wal-4.2.1.jar:/home/tiago/.m2/repository/org/jctools/jctools-core/3.1.0/jctools-core-3.1.0.jar:/home/tiago/.m2/repository/commons-io/commons-io/2.7/commons-io-2.7.jar:/home/tiago/.m2/repository/org/neo4j/neo4j-fabric/4.2.1/neo4j-fabric-4.2.1.jar:/home/tiago/.m2/repository/io/projectreactor/reactor-core/3.3.9.RELEASE/reactor-core-3.3.9.RELEASE.jar:/home/tiago/.m2/repository/org/neo4j/neo4j-front-end/4.2.1/neo4j-front-end-4.2.1.jar:/home/tiago/.m2/repository/org/neo4j/neo4j-expressions/4.2.1/neo4j-expressions-4.2.1.jar:/home/tiago/.m2/repository/org/neo4j/neo4j-cypher-macros/4.2.1/neo4j-cypher-macros-4.2.1.jar:/home/tiago/.m2/repository/org/scala-lang/scala-reflect/2.12.10/scala-reflect-2.12.10.jar:/home/tiago/.m2/repository/org/neo4j/neo4j-procedure/4.2.1/neo4j-procedure-4.2.1.jar:/home/tiago/.m2/repository/org/neo4j/neo4j-procedure-api/4.2.1/neo4j-procedure-api-4.2.1.jar:/home/tiago/.m2/repository/org/neo4j/neo4j-codegen/4.2.1/neo4j-codegen-4.2.1.jar:/home/tiago/.m2/repository/org/ow2/asm/asm-util/8.0.1/asm-util-8.0.1.jar:/home/tiago/.m2/repository/org/ow2/asm/asm-analysis/8.0.1/asm-analysis-8.0.1.jar:/home/tiago/.m2/repository/org/ow2/asm/asm-tree/8.0.1/asm-tree-8.0.1.jar:/home/tiago/.m2/repository/org/neo4j/neo4j-cypher-expression-evaluator/4.2.1/neo4j-cypher-expression-evaluator-4.2.1.jar:/home/tiago/.m2/repository/org/neo4j/neo4j-ast/4.2.1/neo4j-ast-4.2.1.jar:/home/tiago/.m2/repository/org/neo4j/neo4j-lucene-index/4.2.1/neo4j-lucene-index-4.2.1.jar:/home/tiago/.m2/repository/org/neo4j/neo4j-resource/4.2.1/neo4j-resource-4.2.1.jar:/home/tiago/.m2/repository/org/apache/lucene/lucene-analyzers-common/8.5.1/lucene-analyzers-common-8.5.1.jar:/home/tiago/.m2/repository/org/apache/lucene/lucene-core/8.5.1/lucene-core-8.5.1.jar:/home/tiago/.m2/repository/org/apache/lucene/lucene-queryparser/8.5.1/lucene-queryparser-8.5.1.jar:/home/tiago/.m2/repository/org/apache/lucene/lucene-backward-codecs/8.5.1/lucene-backward-codecs-8.5.1.jar:/home/tiago/.m2/repository/org/neo4j/neo4j-fulltext-index/4.2.1/neo4j-fulltext-index-4.2.1.jar:/home/tiago/.m2/repository/org/neo4j/neo4j-graph-algo/4.2.1/neo4j-graph-algo-4.2.1.jar:/home/tiago/.m2/repository/org/neo4j/neo4j-cypher-runtime-util/4.2.1/neo4j-cypher-runtime-util-4.2.1.jar:/home/tiago/.m2/repository/org/neo4j/neo4j-cypher-logical-plans/4.2.1/neo4j-cypher-logical-plans-4.2.1.jar:/home/tiago/.m2/repository/com/github/jbellis/jamm/0.3.3/jamm-0.3.3.jar:/home/tiago/.m2/repository/org/neo4j/neo4j-data-collector/4.2.1/neo4j-data-collector-4.2.1.jar:/home/tiago/.m2/repository/org/neo4j/neo4j-parser/4.2.1/neo4j-parser-4.2.1.jar:/home/tiago/.m2/repository/org/neo4j/neo4j-rewriting/4.2.1/neo4j-rewriting-4.2.1.jar:/home/tiago/.m2/repository/org/neo4j/neo4j-cypher/4.2.1/neo4j-cypher-4.2.1.jar:/home/tiago/.m2/repository/org/scala-lang/scala-library/2.12.10/scala-library-2.12.10.jar:/home/tiago/.m2/repository/org/neo4j/neo4j-exceptions/4.2.1/neo4j-exceptions-4.2.1.jar:/home/tiago/.m2/repository/org/neo4j/neo4j-util/4.2.1/neo4j-util-4.2.1.jar:/home/tiago/.m2/repository/org/neo4j/neo4j-cypher-planner/4.2.1/neo4j-cypher-planner-4.2.1.jar:/home/tiago/.m2/repository/org/neo4j/neo4j-cypher-ir/4.2.1/neo4j-cypher-ir-4.2.1.jar:/home/tiago/.m2/repository/org/neo4j/neo4j-cypher-javacc-parser/4.2.1/neo4j-cypher-javacc-parser-4.2.1.jar:/home/tiago/.m2/repository/org/neo4j/cypher-ast-factory/4.2.1/cypher-ast-factory-4.2.1.jar:/home/tiago/.m2/repository/org/neo4j/neo4j-cypher-ast-factory/4.2.1/neo4j-cypher-ast-factory-4.2.1.jar:/home/tiago/.m2/repository/com/github/ben-manes/caffeine/caffeine/2.8.5/caffeine-2.8.5.jar:/home/tiago/.m2/repository/org/neo4j/neo4j-cypher-planner-spi/4.2.1/neo4j-cypher-planner-spi-4.2.1.jar:/home/tiago/.m2/repository/org/neo4j/neo4j-cypher-interpreted-runtime/4.2.1/neo4j-cypher-interpreted-runtime-4.2.1.jar:/home/tiago/.m2/repository/org/neo4j/neo4j-csv/4.2.1/neo4j-csv-4.2.1.jar:/home/tiago/.m2/repository/org/parboiled/parboiled-scala_2.12/1.2.0/parboiled-scala_2.12-1.2.0.jar:/home/tiago/.m2/repository/org/parboiled/parboiled-core/1.2.0/parboiled-core-1.2.0.jar:/home/tiago/.m2/repository/org/apache/shiro/shiro-core/1.7.0/shiro-core-1.7.0.jar:/home/tiago/.m2/repository/org/apache/shiro/shiro-lang/1.7.0/shiro-lang-1.7.0.jar:/home/tiago/.m2/repository/org/apache/shiro/shiro-cache/1.7.0/shiro-cache-1.7.0.jar:/home/tiago/.m2/repository/org/apache/shiro/shiro-crypto-hash/1.7.0/shiro-crypto-hash-1.7.0.jar:/home/tiago/.m2/repository/org/apache/shiro/shiro-crypto-core/1.7.0/shiro-crypto-core-1.7.0.jar:/home/tiago/.m2/repository/org/apache/shiro/shiro-crypto-cipher/1.7.0/shiro-crypto-cipher-1.7.0.jar:/home/tiago/.m2/repository/org/apache/shiro/shiro-config-core/1.7.0/shiro-config-core-1.7.0.jar:/home/tiago/.m2/repository/org/apache/shiro/shiro-config-ogdl/1.7.0/shiro-config-ogdl-1.7.0.jar:/home/tiago/.m2/repository/commons-beanutils/commons-beanutils/1.9.4/commons-beanutils-1.9.4.jar:/home/tiago/.m2/repository/commons-collections/commons-collections/3.2.2/commons-collections-3.2.2.jar:/home/tiago/.m2/repository/org/apache/shiro/shiro-event/1.7.0/shiro-event-1.7.0.jar:/home/tiago/.m2/repository/org/neo4j/neo4j-security/4.2.1/neo4j-security-4.2.1.jar:/home/tiago/.m2/repository/org/neo4j/neo4j-command-line/4.2.1/neo4j-command-line-4.2.1.jar:/home/tiago/.m2/repository/info/picocli/picocli/4.5.0/picocli-4.5.0.jar:/home/tiago/.m2/repository/org/neo4j/neo4j-bolt/4.2.1/neo4j-bolt-4.2.1.jar:/home/tiago/.m2/repository/org/neo4j/neo4j-ssl/4.2.1/neo4j-ssl-4.2.1.jar:/home/tiago/.m2/repository/io/netty/netty-all/4.1.53.Final/netty-all-4.1.53.Final.jar:/home/tiago/.m2/repository/org/bouncycastle/bcpkix-jdk15on/1.66/bcpkix-jdk15on-1.66.jar:/home/tiago/.m2/repository/org/neo4j/neo4j-consistency-check/4.2.1/neo4j-consistency-check-4.2.1.jar:/home/tiago/.m2/repository/org/neo4j/neo4j-record-storage-engine/4.2.1/neo4j-record-storage-engine-4.2.1.jar:/home/tiago/.m2/repository/org/neo4j/neo4j-import-util/4.2.1/neo4j-import-util-4.2.1.jar:/home/tiago/.m2/repository/org/neo4j/neo4j-dbms/4.2.1/neo4j-dbms-4.2.1.jar:/home/tiago/.m2/repository/org/jprocesses/jProcesses/1.6.5/jProcesses-1.6.5.jar:/home/tiago/.m2/repository/com/profesorfalken/WMI4Java/1.6.3/WMI4Java-1.6.3.jar:/home/tiago/.m2/repository/com/profesorfalken/jPowerShell/3.0/jPowerShell-3.0.jar:/home/tiago/.m2/repository/org/apache/commons/commons-compress/1.20/commons-compress-1.20.jar:/home/tiago/.m2/repository/org/apache/commons/commons-text/1.9/commons-text-1.9.jar:/home/tiago/.m2/repository/org/neo4j/licensing-proxy/zstd-proxy/4.2.1/zstd-proxy-4.2.1.jar:/home/tiago/.m2/repository/com/github/luben/zstd-jni/1.4.5-6/zstd-jni-1.4.5-6.jar:/home/tiago/.m2/repository/org/neo4j/neo4j-import-tool/4.2.1/neo4j-import-tool-4.2.1.jar:/home/tiago/.m2/repository/org/neo4j/neo4j-batch-insert/4.2.1/neo4j-batch-insert-4.2.1.jar:/home/tiago/.m2/repository/org/neo4j/app/neo4j-server/4.2.1/neo4j-server-4.2.1.jar:/home/tiago/.m2/repository/org/neo4j/server-api/4.2.1/server-api-4.2.1.jar:/home/tiago/.m2/repository/javax/ws/rs/javax.ws.rs-api/2.1.1/javax.ws.rs-api-2.1.1.jar:/home/tiago/.m2/repository/org/eclipse/jetty/jetty-server/9.4.34.v20201102/jetty-server-9.4.34.v20201102.jar:/home/tiago/.m2/repository/javax/servlet/javax.servlet-api/3.1.0/javax.servlet-api-3.1.0.jar:/home/tiago/.m2/repository/org/eclipse/jetty/jetty-http/9.4.34.v20201102/jetty-http-9.4.34.v20201102.jar:/home/tiago/.m2/repository/org/eclipse/jetty/jetty-util/9.4.34.v20201102/jetty-util-9.4.34.v20201102.jar:/home/tiago/.m2/repository/org/eclipse/jetty/jetty-io/9.4.34.v20201102/jetty-io-9.4.34.v20201102.jar:/home/tiago/.m2/repository/org/eclipse/jetty/jetty-webapp/9.4.34.v20201102/jetty-webapp-9.4.34.v20201102.jar:/home/tiago/.m2/repository/org/eclipse/jetty/jetty-xml/9.4.34.v20201102/jetty-xml-9.4.34.v20201102.jar:/home/tiago/.m2/repository/org/eclipse/jetty/jetty-servlet/9.4.34.v20201102/jetty-servlet-9.4.34.v20201102.jar:/home/tiago/.m2/repository/org/eclipse/jetty/jetty-security/9.4.34.v20201102/jetty-security-9.4.34.v20201102.jar:/home/tiago/.m2/repository/org/glassfish/jersey/core/jersey-server/2.32/jersey-server-2.32.jar:/home/tiago/.m2/repository/org/glassfish/jersey/core/jersey-common/2.32/jersey-common-2.32.jar:/home/tiago/.m2/repository/org/glassfish/hk2/osgi-resource-locator/1.0.3/osgi-resource-locator-1.0.3.jar:/home/tiago/.m2/repository/com/sun/activation/jakarta.activation/1.2.2/jakarta.activation-1.2.2.jar:/home/tiago/.m2/repository/org/glassfish/jersey/core/jersey-client/2.32/jersey-client-2.32.jar:/home/tiago/.m2/repository/jakarta/ws/rs/jakarta.ws.rs-api/2.1.6/jakarta.ws.rs-api-2.1.6.jar:/home/tiago/.m2/repository/org/glassfish/jersey/media/jersey-media-jaxb/2.32/jersey-media-jaxb-2.32.jar:/home/tiago/.m2/repository/jakarta/annotation/jakarta.annotation-api/1.3.5/jakarta.annotation-api-1.3.5.jar:/home/tiago/.m2/repository/org/glassfish/hk2/external/jakarta.inject/2.6.1/jakarta.inject-2.6.1.jar:/home/tiago/.m2/repository/jakarta/validation/jakarta.validation-api/2.0.2/jakarta.validation-api-2.0.2.jar:/home/tiago/.m2/repository/jakarta/xml/bind/jakarta.xml.bind-api/2.3.3/jakarta.xml.bind-api-2.3.3.jar:/home/tiago/.m2/repository/org/glassfish/jersey/inject/jersey-hk2/2.32/jersey-hk2-2.32.jar:/home/tiago/.m2/repository/org/glassfish/hk2/hk2-locator/2.6.1/hk2-locator-2.6.1.jar:/home/tiago/.m2/repository/org/glassfish/hk2/hk2-api/2.6.1/hk2-api-2.6.1.jar:/home/tiago/.m2/repository/org/glassfish/hk2/hk2-utils/2.6.1/hk2-utils-2.6.1.jar:/home/tiago/.m2/repository/org/javassist/javassist/3.25.0-GA/javassist-3.25.0-GA.jar:/home/tiago/.m2/repository/org/glassfish/jersey/containers/jersey-container-servlet/2.32/jersey-container-servlet-2.32.jar:/home/tiago/.m2/repository/org/glassfish/jersey/containers/jersey-container-servlet-core/2.32/jersey-container-servlet-core-2.32.jar:/home/tiago/.m2/repository/com/fasterxml/jackson/core/jackson-core/2.11.3/jackson-core-2.11.3.jar:/home/tiago/.m2/repository/com/fasterxml/jackson/jaxrs/jackson-jaxrs-json-provider/2.11.3/jackson-jaxrs-json-provider-2.11.3.jar:/home/tiago/.m2/repository/com/fasterxml/jackson/jaxrs/jackson-jaxrs-base/2.11.3/jackson-jaxrs-base-2.11.3.jar:/home/tiago/.m2/repository/com/fasterxml/jackson/module/jackson-module-jaxb-annotations/2.11.3/jackson-module-jaxb-annotations-2.11.3.jar:/home/tiago/.m2/repository/com/fasterxml/jackson/core/jackson-databind/2.11.3/jackson-databind-2.11.3.jar:/home/tiago/.m2/repository/com/fasterxml/jackson/core/jackson-annotations/2.11.3/jackson-annotations-2.11.3.jar:/home/tiago/.m2/repository/org/bouncycastle/bcprov-jdk15on/1.66/bcprov-jdk15on-1.66.jar:/home/tiago/.m2/repository/javax/activation/activation/1.1.1/activation-1.1.1.jar:/home/tiago/.m2/repository/org/glassfish/jaxb/jaxb-runtime/2.3.2/jaxb-runtime-2.3.2.jar:/home/tiago/.m2/repository/org/glassfish/jaxb/txw2/2.3.2/txw2-2.3.2.jar:/home/tiago/.m2/repository/com/sun/istack/istack-commons-runtime/3.0.8/istack-commons-runtime-3.0.8.jar:/home/tiago/.m2/repository/org/jvnet/staxex/stax-ex/1.8.1/stax-ex-1.8.1.jar:/home/tiago/.m2/repository/com/sun/xml/fastinfoset/FastInfoset/1.2.16/FastInfoset-1.2.16.jar:/home/tiago/.m2/repository/jakarta/activation/jakarta.activation-api/1.2.1/jakarta.activation-api-1.2.1.jar:/home/tiago/.m2/repository/javax/xml/bind/jaxb-api/2.3.0/jaxb-api-2.3.0.jar:/home/tiago/.m2/repository/org/neo4j/test/neo4j-harness/4.2.1/neo4j-harness-4.2.1.jar:/home/tiago/.m2/repository/org/slf4j/slf4j-nop/1.7.30/slf4j-nop-1.7.30.jar:/home/tiago/.m2/repository/org/slf4j/slf4j-api/1.7.30/slf4j-api-1.7.30.jar:/home/tiago/.m2/repository/org/neo4j/test-utils/4.2.1/test-utils-4.2.1.jar:/home/tiago/.m2/repository/org/ow2/asm/asm/8.0.1/asm-8.0.1.jar:/home/tiago/.m2/repository/org/junit/vintage/junit-vintage-engine/5.6.2/junit-vintage-engine-5.6.2.jar:/home/tiago/.m2/repository/junit/junit/4.13/junit-4.13.jar:/home/tiago/.m2/repository/org/junit/jupiter/junit-jupiter/5.6.2/junit-jupiter-5.6.2.jar:/home/tiago/.m2/repository/org/junit/jupiter/junit-jupiter-params/5.6.2/junit-jupiter-params-5.6.2.jar:/home/tiago/.m2/repository/org/mockito/mockito-core/3.5.13/mockito-core-3.5.13.jar:/home/tiago/.m2/repository/net/bytebuddy/byte-buddy/1.10.15/byte-buddy-1.10.15.jar:/home/tiago/.m2/repository/net/bytebuddy/byte-buddy-agent/1.10.15/byte-buddy-agent-1.10.15.jar:/home/tiago/.m2/repository/org/objenesis/objenesis/3.1/objenesis-3.1.jar:/home/tiago/.m2/repository/org/awaitility/awaitility/4.0.3/awaitility-4.0.3.jar:/home/tiago/.m2/repository/org/neo4j/io-test-utils/4.2.1/io-test-utils-4.2.1.jar:/home/tiago/.m2/repository/org/junit/platform/junit-platform-launcher/1.6.2/junit-platform-launcher-1.6.2.jar:/home/tiago/.m2/repository/commons-logging/commons-logging/1.2/commons-logging-1.2.jar:/home/tiago/.m2/repository/org/neo4j/app/neo4j-server/4.2.1/neo4j-server-4.2.1-tests.jar:/home/tiago/.m2/repository/commons-codec/commons-codec/1.14/commons-codec-1.14.jar:/home/tiago/.m2/repository/org/neo4j/driver/neo4j-java-driver/4.2.0/neo4j-java-driver-4.2.0.jar:/home/tiago/.m2/repository/org/reactivestreams/reactive-streams/1.0.3/reactive-streams-1.0.3.jar:/home/tiago/.m2/repository/org/junit/jupiter/junit-jupiter-engine/5.7.0/junit-jupiter-engine-5.7.0.jar:/home/tiago/.m2/repository/org/apiguardian/apiguardian-api/1.1.0/apiguardian-api-1.1.0.jar:/home/tiago/.m2/repository/org/junit/platform/junit-platform-engine/1.7.0/junit-platform-engine-1.7.0.jar:/home/tiago/.m2/repository/org/opentest4j/opentest4j/1.2.0/opentest4j-1.2.0.jar:/home/tiago/.m2/repository/org/junit/platform/junit-platform-commons/1.7.0/junit-platform-commons-1.7.0.jar:/home/tiago/.m2/repository/org/junit/jupiter/junit-jupiter-api/5.7.0/junit-jupiter-api-5.7.0.jar:/home/tiago/.m2/repository/org/assertj/assertj-core/3.13.2/assertj-core-3.13.2.jar:"/>
    <property name="sun.cpu.endian" value="little"/>
    <property name="user.home" value="/home/tiago"/>
    <property name="user.language" value="en"/>
    <property name="java.specification.vendor" value="Oracle Corporation"/>
    <property name="java.version.date" value="2020-11-04"/>
    <property name="java.home" value="/usr/lib/jvm/java-11-openjdk-amd64"/>
    <property name="file.separator" value="/"/>
    <property name="basedir" value="/home/tiago/Documents/IST/phd/phd-research/wasmati/neo4j-custom-docker/custom-plugin/neo4j-procedure-template"/>
    <property name="java.vm.compressedOopsMode" value="Zero based"/>
    <property name="line.separator" value="&#10;"/>
    <property name="java.specification.name" value="Java Platform API Specification"/>
    <property name="java.vm.specification.vendor" value="Oracle Corporation"/>
    <property name="java.awt.graphicsenv" value="sun.awt.X11GraphicsEnvironment"/>
    <property name="surefire.real.class.path" value="/home/tiago/Documents/IST/phd/phd-research/wasmati/neo4j-custom-docker/custom-plugin/neo4j-procedure-template/target/surefire/surefirebooter17721055915277213349.jar"/>
    <property name="sun.management.compiler" value="HotSpot 64-Bit Tiered Compilers"/>
    <property name="java.runtime.version" value="11.0.9.1+1-Ubuntu-0ubuntu1.18.04"/>
    <property name="user.name" value="tiago"/>
    <property name="path.separator" value=":"/>
    <property name="os.version" value="5.4.0-64-generic"/>
    <property name="java.runtime.name" value="OpenJDK Runtime Environment"/>
    <property name="file.encoding" value="UTF-8"/>
    <property name="java.vm.name" value="OpenJDK 64-Bit Server VM"/>
    <property name="localRepository" value="/home/tiago/.m2/repository"/>
    <property name="java.vendor.url.bug" value="https://bugs.launchpad.net/ubuntu/+source/openjdk-lts"/>
    <property name="java.io.tmpdir" value="/tmp"/>
    <property name="java.version" value="11.0.9.1"/>
    <property name="user.dir" value="/home/tiago/Documents/IST/phd/phd-research/wasmati/neo4j-custom-docker/custom-plugin/neo4j-procedure-template"/>
    <property name="os.arch" value="amd64"/>
    <property name="java.vm.specification.name" value="Java Virtual Machine Specification"/>
    <property name="java.awt.printerjob" value="sun.print.PSPrinterJob"/>
    <property name="user.language.format" value="pt"/>
    <property name="sun.os.patch.level" value="unknown"/>
    <property name="java.library.path" value="/usr/java/packages/lib:/usr/lib/x86_64-linux-gnu/jni:/lib/x86_64-linux-gnu:/usr/lib/x86_64-linux-gnu:/usr/lib/jni:/lib:/usr/lib"/>
    <property name="java.vm.info" value="mixed mode, sharing"/>
    <property name="java.vendor" value="Ubuntu"/>
    <property name="java.vm.version" value="11.0.9.1+1-Ubuntu-0ubuntu1.18.04"/>
    <property name="sun.io.unicode.encoding" value="UnicodeLittle"/>
    <property name="java.class.version" value="55.0"/>
  </properties>
  <testcase name="shouldReturnBufferLocationMapWithoutDuplicates" classname="wasmati.GetBufferLocationMapTest" time="2.045"/>
  <testcase name="shouldReturnBufferLocationMap" classname="wasmati.GetBufferLocationMapTest" time="0.276"/>
</testsuite>